# JRE version: Java(TM) SE Runtime Environment (20.0.1+9) (build 20.0.1+9-29)
# Java VM: Java HotSpot(TM) 64-Bit Server VM (20.0.1+9-29, mixed mode, sharing, tiered, compressed oops, compressed class ptrs, g1 gc, windows-amd64)
GC Precious Log:
 CardTable entry size: 512
 Card Set container configuration: InlinePtr #cards 5 size 8 Array Of Cards #cards 12 size 40 Howl #buckets 4 coarsen threshold 1843 Howl Bitmap #cards 512 size 80 coarsen threshold 460 Card regions per heap region 1 cards per card region 2048
 CPUs: 12 total, 12 available
 Memory: 5989M
 Large Page Support: Disabled
 NUMA Support: Disabled
 Compressed Oops: Enabled (32-bit)
 Heap Region Size: 1M
 Heap Min Capacity: 8M
 Heap Initial Capacity: 94M
 Heap Max Capacity: 1498M
 Pre-touch: Disabled
 Parallel Workers: 10
 Concurrent Workers: 3
 Concurrent Refinement Workers: 10
 Periodic GC: Disabled
Heap:
 garbage-first heap   total 57344K, used 26652K [0x00000000a2600000, 0x0000000100000000)
  region size 1024K, 15 young (15360K), 2 survivors (2048K)
 Metaspace       used 29426K, committed 29888K, reserved 1114112K
  class space    used 3564K, committed 3776K, reserved 1048576K
GC Heap History (10 events):
Event: 5.482 GC heap before
{Heap before GC invocations=0 (full 0):
 garbage-first heap   total 96256K, used 22528K [0x00000000a2600000, 0x0000000100000000)
  region size 1024K, 23 young (23552K), 0 survivors (0K)
 Metaspace       used 7409K, committed 7744K, reserved 1114112K
  class space    used 836K, committed 1024K, reserved 1048576K
}
Event: 5.492 GC heap after
{Heap after GC invocations=1 (full 0):
 garbage-first heap   total 96256K, used 7448K [0x00000000a2600000, 0x0000000100000000)
  region size 1024K, 3 young (3072K), 3 survivors (3072K)
 Metaspace       used 7409K, committed 7744K, reserved 1114112K
  class space    used 836K, committed 1024K, reserved 1048576K
}
Event: 6.608 GC heap before
{Heap before GC invocations=1 (full 0):
 garbage-first heap   total 96256K, used 33048K [0x00000000a2600000, 0x0000000100000000)
  region size 1024K, 29 young (29696K), 3 survivors (3072K)
 Metaspace       used 13582K, committed 13952K, reserved 1114112K
  class space    used 1659K, committed 1792K, reserved 1048576K
}
Event: 6.615 GC heap after
{Heap after GC invocations=2 (full 0):
 garbage-first heap   total 96256K, used 10633K [0x00000000a2600000, 0x0000000100000000)
  region size 1024K, 3 young (3072K), 3 survivors (3072K)
 Metaspace       used 13582K, committed 13952K, reserved 1114112K
  class space    used 1659K, committed 1792K, reserved 1048576K
}
Event: 8.182 GC heap before
{Heap before GC invocations=2 (full 0):
 garbage-first heap   total 96256K, used 32137K [0x00000000a2600000, 0x0000000100000000)
  region size 1024K, 25 young (25600K), 3 survivors (3072K)
 Metaspace       used 21091K, committed 21504K, reserved 1114112K
  class space    used 2605K, committed 2816K, reserved 1048576K
}
Event: 8.189 GC heap after
{Heap after GC invocations=3 (full 0):
 garbage-first heap   total 96256K, used 13560K [0x00000000a2600000, 0x0000000100000000)
  region size 1024K, 6 young (6144K), 6 survivors (6144K)
 Metaspace       used 21091K, committed 21504K, reserved 1114112K
  class space    used 2605K, committed 2816K, reserved 1048576K
}
Event: 108.896 GC heap before
{Heap before GC invocations=4 (full 0):
 garbage-first heap   total 51200K, used 47352K [0x00000000a2600000, 0x0000000100000000)
  region size 1024K, 30 young (30720K), 6 survivors (6144K)
 Metaspace       used 24650K, committed 25088K, reserved 1114112K
  class space    used 3077K, committed 3264K, reserved 1048576K
}
Event: 108.907 GC heap after
{Heap after GC invocations=5 (full 0):
 garbage-first heap   total 57344K, used 14927K [0x00000000a2600000, 0x0000000100000000)
  region size 1024K, 2 young (2048K), 2 survivors (2048K)
 Metaspace       used 24650K, committed 25088K, reserved 1114112K
  class space    used 3077K, committed 3264K, reserved 1048576K
}
Event: 340.901 GC heap before
{Heap before GC invocations=5 (full 0):
 garbage-first heap   total 57344K, used 41551K [0x00000000a2600000, 0x0000000100000000)
  region size 1024K, 29 young (29696K), 2 survivors (2048K)
 Metaspace       used 25416K, committed 25792K, reserved 1114112K
  class space    used 3102K, committed 3264K, reserved 1048576K
}
Event: 340.932 GC heap after
{Heap after GC invocations=6 (full 0):
 garbage-first heap   total 57344K, used 15388K [0x00000000a2600000, 0x0000000100000000)
  region size 1024K, 2 young (2048K), 2 survivors (2048K)
 Metaspace       used 25416K, committed 25792K, reserved 1114112K
  class space    used 3102K, committed 3264K, reserved 1048576K
}

